19.3.2025, 8:51:13 - ERROR - Server ready at port http://127.0.01:3030
19.3.2025, 8:51:23 - INFO - Server ready at port http://127.0.01:3030
19.3.2025, 8:51:23 - INFO - Server ready at port http://127.0.01:3030
19.3.2025, 8:51:52 - INFO - Server ready at port http://127.0.01:3030
19.3.2025, 8:53:06 - INFO - Server ready at port http://127.0.01:3030
19.3.2025, 8:53:08 - INFO - Server ready at port http://127.0.01:3030
19.3.2025, 8:53:09 - INFO - Server ready at port http://127.0.01:3030
19.3.2025, 8:54:16 - ERROR - cannot remove bug | cannot remove bug - 2
19.3.2025, 8:54:54 - INFO - Server ready at port http://127.0.01:3030
19.3.2025, 8:54:55 - INFO - Server ready at port http://127.0.01:3030
19.3.2025, 8:55:05 - ERROR - cannot remove bug | cannot remove bug - 2
19.3.2025, 8:55:22 - INFO - Server ready at port http://127.0.01:3030
19.3.2025, 8:55:25 - INFO - Server ready at port http://127.0.01:3030
19.3.2025, 8:55:29 - INFO - Server ready at port http://127.0.01:3030
19.3.2025, 8:55:42 - INFO - Server ready at port http://127.0.01:3030
19.3.2025, 8:55:46 - INFO - Server ready at port http://127.0.01:3030
19.3.2025, 8:55:53 - INFO - Server ready at port http://127.0.01:3030
19.3.2025, 8:55:54 - INFO - Server ready at port http://127.0.01:3030
19.3.2025, 8:56:20 - INFO - Server ready at port http://127.0.01:3030
19.3.2025, 8:56:20 - INFO - Server ready at port http://127.0.01:3030
19.3.2025, 8:58:03 - INFO - Server ready at port http://127.0.01:3030
19.3.2025, 8:58:26 - INFO - Server ready at port http://127.0.01:3030
19.3.2025, 9:01:06 - INFO - Server ready at port http://127.0.01:3030
19.3.2025, 9:01:34 - INFO - Server ready at port http://127.0.01:3030
19.3.2025, 9:01:35 - ERROR - cannot load bug | cannot find bug - Cf9Lpx4
19.3.2025, 9:02:08 - INFO - Server ready at port http://127.0.01:3030
19.3.2025, 9:03:23 - INFO - Server ready at port http://127.0.01:3030
19.3.2025, 9:03:25 - INFO - Server ready at port http://127.0.01:3030
19.3.2025, 9:03:26 - INFO - Server ready at port http://127.0.01:3030
19.3.2025, 9:04:25 - INFO - Server ready at port http://127.0.01:3030
19.3.2025, 9:04:28 - INFO - Server ready at port http://127.0.01:3030
19.3.2025, 9:06:31 - INFO - Server ready at port http://127.0.01:3030
19.3.2025, 9:06:32 - INFO - Server ready at port http://127.0.01:3030
19.3.2025, 9:06:33 - INFO - Server ready at port http://127.0.01:3030
19.3.2025, 9:21:49 - INFO - Server ready at port http://127.0.01:3030
19.3.2025, 12:53:46 - INFO - Server ready at port http://127.0.01:3030
19.3.2025, 13:10:12 - INFO - Server ready at port http://127.0.01:3030
19.3.2025, 13:10:14 - INFO - Server ready at port http://127.0.01:3030
19.3.2025, 13:10:15 - INFO - Server ready at port http://127.0.01:3030
19.3.2025, 13:10:17 - INFO - Server ready at port http://127.0.01:3030
19.3.2025, 13:10:29 - INFO - Server ready at port http://127.0.01:3030
19.3.2025, 13:10:43 - INFO - Server ready at port http://127.0.01:3030
19.3.2025, 13:10:50 - INFO - Server ready at port http://127.0.01:3030
19.3.2025, 13:10:59 - INFO - Server ready at port http://127.0.01:3030
19.3.2025, 13:11:00 - INFO - Server ready at port http://127.0.01:3030
19.3.2025, 13:11:11 - INFO - Server ready at port http://127.0.01:3030
19.3.2025, 13:11:15 - INFO - Server ready at port http://127.0.01:3030
19.3.2025, 13:11:18 - INFO - Server ready at port http://127.0.01:3030
19.3.2025, 13:11:21 - INFO - Server ready at port http://127.0.01:3030
19.3.2025, 13:11:28 - INFO - Server ready at port http://127.0.01:3030
19.3.2025, 13:11:55 - INFO - Server ready at port http://127.0.01:3030
19.3.2025, 13:12:08 - INFO - Server ready at port http://127.0.01:3030
19.3.2025, 13:12:09 - INFO - Server ready at port http://127.0.01:3030
19.3.2025, 13:12:18 - INFO - Server ready at port http://127.0.01:3030
19.3.2025, 13:13:00 - INFO - Server ready at port http://127.0.01:3030
19.3.2025, 13:13:03 - INFO - Server ready at port http://127.0.01:3030
19.3.2025, 13:13:07 - INFO - Server ready at port http://127.0.01:3030
19.3.2025, 13:14:07 - INFO - Server ready at port http://127.0.01:3030
19.3.2025, 13:14:09 - INFO - Server ready at port http://127.0.01:3030
19.3.2025, 13:14:12 - INFO - Server ready at port http://127.0.01:3030
19.3.2025, 13:14:14 - INFO - Server ready at port http://127.0.01:3030
19.3.2025, 13:14:23 - INFO - Server ready at port http://127.0.01:3030
19.3.2025, 13:14:24 - INFO - Server ready at port http://127.0.01:3030
19.3.2025, 13:14:28 - INFO - Server ready at port http://127.0.01:3030
19.3.2025, 13:15:27 - INFO - Server ready at port http://127.0.01:3030
19.3.2025, 13:15:28 - INFO - Server ready at port http://127.0.01:3030
19.3.2025, 13:15:30 - INFO - Server ready at port http://127.0.01:3030
19.3.2025, 13:15:38 - INFO - Server ready at port http://127.0.01:3030
19.3.2025, 13:15:40 - INFO - Server ready at port http://127.0.01:3030
19.3.2025, 13:15:44 - INFO - Server ready at port http://127.0.01:3030
19.3.2025, 13:15:46 - INFO - Server ready at port http://127.0.01:3030
19.3.2025, 13:15:47 - INFO - Server ready at port http://127.0.01:3030
19.3.2025, 13:15:48 - INFO - Server ready at port http://127.0.01:3030
19.3.2025, 13:15:57 - INFO - Server ready at port http://127.0.01:3030
19.3.2025, 13:15:58 - INFO - Server ready at port http://127.0.01:3030
19.3.2025, 13:15:59 - INFO - Server ready at port http://127.0.01:3030
19.3.2025, 13:16:00 - INFO - Server ready at port http://127.0.01:3030
19.3.2025, 13:16:01 - INFO - Server ready at port http://127.0.01:3030
19.3.2025, 13:16:05 - INFO - Server ready at port http://127.0.01:3030
19.3.2025, 13:16:09 - INFO - Server ready at port http://127.0.01:3030
19.3.2025, 13:16:23 - INFO - Server ready at port http://127.0.01:3030
19.3.2025, 13:16:24 - INFO - Server ready at port http://127.0.01:3030
19.3.2025, 13:16:29 - INFO - Server ready at port http://127.0.01:3030
19.3.2025, 13:16:31 - INFO - Server ready at port http://127.0.01:3030
19.3.2025, 13:16:33 - INFO - Server ready at port http://127.0.01:3030
19.3.2025, 13:16:34 - INFO - Server ready at port http://127.0.01:3030
19.3.2025, 13:16:38 - INFO - Server ready at port http://127.0.01:3030
19.3.2025, 13:16:40 - INFO - Server ready at port http://127.0.01:3030
19.3.2025, 13:16:42 - INFO - Server ready at port http://127.0.01:3030
19.3.2025, 13:16:44 - INFO - Server ready at port http://127.0.01:3030
19.3.2025, 13:16:49 - INFO - Server ready at port http://127.0.01:3030
19.3.2025, 13:16:51 - INFO - Server ready at port http://127.0.01:3030
19.3.2025, 13:16:56 - INFO - Server ready at port http://127.0.01:3030
19.3.2025, 13:16:57 - INFO - Server ready at port http://127.0.01:3030
19.3.2025, 13:17:03 - INFO - Server ready at port http://127.0.01:3030
19.3.2025, 13:17:06 - INFO - Server ready at port http://127.0.01:3030
19.3.2025, 13:17:13 - INFO - Server ready at port http://127.0.01:3030
19.3.2025, 13:17:18 - INFO - Server ready at port http://127.0.01:3030
19.3.2025, 13:17:24 - INFO - Server ready at port http://127.0.01:3030
19.3.2025, 13:17:26 - INFO - Server ready at port http://127.0.01:3030
19.3.2025, 13:17:27 - INFO - Server ready at port http://127.0.01:3030
19.3.2025, 13:17:29 - INFO - Server ready at port http://127.0.01:3030
19.3.2025, 13:17:30 - INFO - Server ready at port http://127.0.01:3030
19.3.2025, 13:17:31 - INFO - Server ready at port http://127.0.01:3030
19.3.2025, 13:17:32 - INFO - Server ready at port http://127.0.01:3030
19.3.2025, 13:17:34 - INFO - Server ready at port http://127.0.01:3030
19.3.2025, 13:17:35 - INFO - Server ready at port http://127.0.01:3030
19.3.2025, 13:17:38 - INFO - Server ready at port http://127.0.01:3030
19.3.2025, 13:17:43 - INFO - Server ready at port http://127.0.01:3030
19.3.2025, 13:17:44 - INFO - Server ready at port http://127.0.01:3030
19.3.2025, 13:17:47 - INFO - Server ready at port http://127.0.01:3030
19.3.2025, 13:18:11 - INFO - Server ready at port http://127.0.01:3030
19.3.2025, 13:18:15 - INFO - Server ready at port http://127.0.01:3030
19.3.2025, 13:18:18 - INFO - Server ready at port http://127.0.01:3030
19.3.2025, 13:18:22 - INFO - Server ready at port http://127.0.01:3030
19.3.2025, 13:18:25 - INFO - Server ready at port http://127.0.01:3030
19.3.2025, 13:18:29 - INFO - Server ready at port http://127.0.01:3030
19.3.2025, 13:18:34 - INFO - Server ready at port http://127.0.01:3030
19.3.2025, 13:18:41 - INFO - Server ready at port http://127.0.01:3030
19.3.2025, 13:18:43 - INFO - Server ready at port http://127.0.01:3030
19.3.2025, 13:18:45 - INFO - Server ready at port http://127.0.01:3030
19.3.2025, 13:18:47 - INFO - Server ready at port http://127.0.01:3030
19.3.2025, 13:18:50 - INFO - Server ready at port http://127.0.01:3030
19.3.2025, 13:19:16 - INFO - Server ready at port http://127.0.01:3030
19.3.2025, 13:19:18 - INFO - Server ready at port http://127.0.01:3030
19.3.2025, 13:19:19 - INFO - Server ready at port http://127.0.01:3030
19.3.2025, 13:19:26 - INFO - Server ready at port http://127.0.01:3030
19.3.2025, 13:19:28 - INFO - Server ready at port http://127.0.01:3030
19.3.2025, 13:19:29 - INFO - Server ready at port http://127.0.01:3030
19.3.2025, 13:19:36 - INFO - Server ready at port http://127.0.01:3030
19.3.2025, 13:19:45 - INFO - Server ready at port http://127.0.01:3030
19.3.2025, 13:19:48 - INFO - Server ready at port http://127.0.01:3030
19.3.2025, 13:19:52 - INFO - Server ready at port http://127.0.01:3030
19.3.2025, 13:19:53 - INFO - Server ready at port http://127.0.01:3030
19.3.2025, 13:20:23 - ERROR - cannot load bug | cannot find bug - ZcHok
19.3.2025, 13:20:30 - ERROR - cannot load bug | cannot find bug - ZcHok
19.3.2025, 13:20:47 - INFO - Server ready at port http://127.0.01:3030
19.3.2025, 13:21:27 - INFO - Server ready at port http://127.0.01:3030
19.3.2025, 13:22:02 - INFO - Server ready at port http://127.0.01:3030
19.3.2025, 13:22:18 - INFO - Server ready at port http://127.0.01:3030
19.3.2025, 13:22:22 - INFO - Server ready at port http://127.0.01:3030
19.3.2025, 13:22:51 - INFO - Server ready at port http://127.0.01:3030
19.3.2025, 13:22:51 - INFO - Server ready at port http://127.0.01:3030
19.3.2025, 13:22:55 - INFO - Server ready at port http://127.0.01:3030
19.3.2025, 13:23:17 - INFO - Server ready at port http://127.0.01:3030
19.3.2025, 13:23:19 - INFO - Server ready at port http://127.0.01:3030
19.3.2025, 13:23:24 - INFO - Server ready at port http://127.0.01:3030
19.3.2025, 13:24:14 - INFO - Server ready at port http://127.0.01:3030
19.3.2025, 13:24:22 - INFO - Server ready at port http://127.0.01:3030
19.3.2025, 13:24:23 - INFO - Server ready at port http://127.0.01:3030
19.3.2025, 13:24:23 - INFO - Server ready at port http://127.0.01:3030
19.3.2025, 13:24:26 - INFO - Server ready at port http://127.0.01:3030
19.3.2025, 13:24:40 - INFO - Server ready at port http://127.0.01:3030
19.3.2025, 13:24:45 - INFO - Server ready at port http://127.0.01:3030
19.3.2025, 13:24:50 - INFO - Server ready at port http://127.0.01:3030
19.3.2025, 13:24:57 - INFO - Server ready at port http://127.0.01:3030
19.3.2025, 13:24:57 - INFO - Server ready at port http://127.0.01:3030
19.3.2025, 13:24:57 - INFO - Server ready at port http://127.0.01:3030
19.3.2025, 13:24:58 - INFO - Server ready at port http://127.0.01:3030
19.3.2025, 13:24:58 - INFO - Server ready at port http://127.0.01:3030
19.3.2025, 13:24:59 - INFO - Server ready at port http://127.0.01:3030
19.3.2025, 13:25:14 - INFO - Server ready at port http://127.0.01:3030
19.3.2025, 14:23:05 - INFO - Server ready at port http://127.0.01:3030
19.3.2025, 14:28:33 - INFO - Server ready at port http://127.0.01:3030
19.3.2025, 14:28:43 - INFO - Server ready at port http://127.0.01:3030
19.3.2025, 14:31:21 - INFO - Server ready at port http://127.0.01:3030
19.3.2025, 14:31:30 - INFO - Server ready at port http://127.0.01:3030
19.3.2025, 14:31:36 - INFO - Server ready at port http://127.0.01:3030
19.3.2025, 14:31:38 - INFO - Server ready at port http://127.0.01:3030
19.3.2025, 14:33:55 - INFO - Server ready at port http://127.0.01:3030
19.3.2025, 14:34:39 - INFO - Server ready at port http://127.0.01:3030
19.3.2025, 14:34:40 - INFO - Server ready at port http://127.0.01:3030
19.3.2025, 14:34:44 - INFO - Server ready at port http://127.0.01:3030
19.3.2025, 14:35:17 - INFO - Server ready at port http://127.0.01:3030
19.3.2025, 14:35:17 - INFO - Server ready at port http://127.0.01:3030
19.3.2025, 14:35:46 - INFO - Server ready at port http://127.0.01:3030
19.3.2025, 14:36:10 - INFO - Server ready at port http://127.0.01:3030
19.3.2025, 14:36:58 - INFO - Server ready at port http://127.0.01:3030
19.3.2025, 14:36:59 - INFO - Server ready at port http://127.0.01:3030
19.3.2025, 14:37:03 - INFO - Server ready at port http://127.0.01:3030
19.3.2025, 14:37:04 - INFO - Server ready at port http://127.0.01:3030
19.3.2025, 14:37:55 - INFO - Server ready at port http://127.0.01:3030
19.3.2025, 14:37:59 - INFO - Server ready at port http://127.0.01:3030
19.3.2025, 14:39:10 - INFO - Server ready at port http://127.0.01:3030
19.3.2025, 14:39:34 - INFO - Server ready at port http://127.0.01:3030
19.3.2025, 14:39:50 - INFO - Server ready at port http://127.0.01:3030
19.3.2025, 14:39:51 - INFO - Server ready at port http://127.0.01:3030
19.3.2025, 14:39:59 - INFO - Server ready at port http://127.0.01:3030
19.3.2025, 14:40:25 - INFO - Server ready at port http://127.0.01:3030
19.3.2025, 14:41:29 - INFO - Server ready at port http://127.0.01:3030
19.3.2025, 14:41:43 - INFO - Server ready at port http://127.0.01:3030
19.3.2025, 14:41:50 - INFO - Server ready at port http://127.0.01:3030
19.3.2025, 14:41:59 - INFO - Server ready at port http://127.0.01:3030
19.3.2025, 14:42:00 - INFO - Server ready at port http://127.0.01:3030
19.3.2025, 14:42:04 - INFO - Server ready at port http://127.0.01:3030
19.3.2025, 14:42:14 - INFO - Server ready at port http://127.0.01:3030
19.3.2025, 14:43:42 - INFO - Server ready at port http://127.0.01:3030
19.3.2025, 14:43:46 - INFO - Server ready at port http://127.0.01:3030
19.3.2025, 14:43:52 - INFO - Server ready at port http://127.0.01:3030
19.3.2025, 14:43:53 - INFO - Server ready at port http://127.0.01:3030
19.3.2025, 14:44:04 - INFO - Server ready at port http://127.0.01:3030
19.3.2025, 14:44:05 - INFO - Server ready at port http://127.0.01:3030
19.3.2025, 14:44:06 - INFO - Server ready at port http://127.0.01:3030
19.3.2025, 14:44:10 - INFO - Server ready at port http://127.0.01:3030
19.3.2025, 14:44:22 - INFO - Server ready at port http://127.0.01:3030
19.3.2025, 14:44:36 - INFO - Server ready at port http://127.0.01:3030
19.3.2025, 14:44:37 - INFO - Server ready at port http://127.0.01:3030
19.3.2025, 14:44:43 - INFO - Server ready at port http://127.0.01:3030
19.3.2025, 14:44:49 - INFO - Server ready at port http://127.0.01:3030
19.3.2025, 14:45:10 - INFO - Server ready at port http://127.0.01:3030
19.3.2025, 14:45:12 - INFO - Server ready at port http://127.0.01:3030
19.3.2025, 14:45:15 - INFO - Server ready at port http://127.0.01:3030
19.3.2025, 14:45:31 - INFO - Server ready at port http://127.0.01:3030
19.3.2025, 14:45:35 - INFO - Server ready at port http://127.0.01:3030
19.3.2025, 14:45:39 - INFO - Server ready at port http://127.0.01:3030
19.3.2025, 14:45:40 - INFO - Server ready at port http://127.0.01:3030
19.3.2025, 14:45:42 - INFO - Server ready at port http://127.0.01:3030
19.3.2025, 14:45:59 - INFO - Server ready at port http://127.0.01:3030
19.3.2025, 14:46:02 - INFO - Server ready at port http://127.0.01:3030
19.3.2025, 14:46:28 - INFO - Server ready at port http://127.0.01:3030
19.3.2025, 14:46:37 - INFO - Server ready at port http://127.0.01:3030
19.3.2025, 14:47:00 - INFO - Server ready at port http://127.0.01:3030
19.3.2025, 14:47:56 - INFO - Server ready at port http://127.0.01:3030
19.3.2025, 14:47:56 - INFO - Server ready at port http://127.0.01:3030
19.3.2025, 14:48:00 - INFO - Server ready at port http://127.0.01:3030
19.3.2025, 14:48:33 - INFO - Server ready at port http://127.0.01:3030
19.3.2025, 14:49:18 - INFO - Server ready at port http://127.0.01:3030
19.3.2025, 14:49:23 - INFO - Server ready at port http://127.0.01:3030
19.3.2025, 14:49:25 - INFO - Server ready at port http://127.0.01:3030
19.3.2025, 14:49:29 - INFO - Server ready at port http://127.0.01:3030
19.3.2025, 14:49:31 - INFO - Server ready at port http://127.0.01:3030
19.3.2025, 14:49:34 - INFO - Server ready at port http://127.0.01:3030
19.3.2025, 14:49:44 - INFO - Server ready at port http://127.0.01:3030
19.3.2025, 14:49:46 - INFO - Server ready at port http://127.0.01:3030
19.3.2025, 14:49:47 - INFO - Server ready at port http://127.0.01:3030
19.3.2025, 14:50:03 - INFO - Server ready at port http://127.0.01:3030
19.3.2025, 14:50:22 - INFO - Server ready at port http://127.0.01:3030
19.3.2025, 14:50:22 - INFO - Server ready at port http://127.0.01:3030
19.3.2025, 14:50:31 - INFO - Server ready at port http://127.0.01:3030
19.3.2025, 14:50:36 - INFO - Server ready at port http://127.0.01:3030
19.3.2025, 14:50:44 - INFO - Server ready at port http://127.0.01:3030
19.3.2025, 14:51:19 - INFO - Server ready at port http://127.0.01:3030
19.3.2025, 14:52:09 - INFO - Server ready at port http://127.0.01:3030
19.3.2025, 14:52:24 - INFO - Server ready at port http://127.0.01:3030
19.3.2025, 14:52:33 - INFO - Server ready at port http://127.0.01:3030
19.3.2025, 14:52:38 - INFO - Server ready at port http://127.0.01:3030
19.3.2025, 14:52:49 - INFO - Server ready at port http://127.0.01:3030
19.3.2025, 14:52:52 - INFO - Server ready at port http://127.0.01:3030
19.3.2025, 14:52:53 - INFO - Server ready at port http://127.0.01:3030
19.3.2025, 14:53:00 - INFO - Server ready at port http://127.0.01:3030
19.3.2025, 14:53:02 - INFO - Server ready at port http://127.0.01:3030
19.3.2025, 14:53:05 - INFO - Server ready at port http://127.0.01:3030
19.3.2025, 14:53:18 - INFO - Server ready at port http://127.0.01:3030
19.3.2025, 14:53:23 - INFO - Server ready at port http://127.0.01:3030
19.3.2025, 14:53:24 - INFO - Server ready at port http://127.0.01:3030
19.3.2025, 14:53:27 - INFO - Server ready at port http://127.0.01:3030
19.3.2025, 14:53:30 - INFO - Server ready at port http://127.0.01:3030
19.3.2025, 14:53:31 - INFO - Server ready at port http://127.0.01:3030
19.3.2025, 14:53:40 - INFO - Server ready at port http://127.0.01:3030
19.3.2025, 14:53:43 - INFO - Server ready at port http://127.0.01:3030
19.3.2025, 14:53:45 - INFO - Server ready at port http://127.0.01:3030
19.3.2025, 14:53:51 - INFO - Server ready at port http://127.0.01:3030
19.3.2025, 14:53:54 - INFO - Server ready at port http://127.0.01:3030
19.3.2025, 14:54:53 - INFO - Server ready at port http://127.0.01:3030
19.3.2025, 14:54:55 - INFO - Server ready at port http://127.0.01:3030
19.3.2025, 14:55:04 - INFO - Server ready at port http://127.0.01:3030
19.3.2025, 14:55:05 - INFO - Server ready at port http://127.0.01:3030
19.3.2025, 14:55:14 - INFO - Server ready at port http://127.0.01:3030
19.3.2025, 14:55:27 - INFO - Server ready at port http://127.0.01:3030
19.3.2025, 14:55:52 - INFO - Server ready at port http://127.0.01:3030
19.3.2025, 14:56:08 - INFO - Server ready at port http://127.0.01:3030
19.3.2025, 14:56:31 - INFO - Server ready at port http://127.0.01:3030
19.3.2025, 14:56:36 - INFO - Server ready at port http://127.0.01:3030
19.3.2025, 15:01:51 - INFO - Server ready at port http://127.0.01:3030
19.3.2025, 15:01:58 - INFO - Server ready at port http://127.0.01:3030
19.3.2025, 15:02:00 - INFO - Server ready at port http://127.0.01:3030
19.3.2025, 15:02:03 - INFO - Server ready at port http://127.0.01:3030
19.3.2025, 15:02:29 - INFO - Server ready at port http://127.0.01:3030
19.3.2025, 15:02:30 - INFO - Server ready at port http://127.0.01:3030
19.3.2025, 15:02:37 - INFO - Server ready at port http://127.0.01:3030
19.3.2025, 15:02:53 - INFO - Server ready at port http://127.0.01:3030
19.3.2025, 15:02:54 - INFO - Server ready at port http://127.0.01:3030
19.3.2025, 15:03:27 - INFO - Server ready at port http://127.0.01:3030
19.3.2025, 15:03:33 - INFO - Server ready at port http://127.0.01:3030
19.3.2025, 15:03:36 - INFO - Server ready at port http://127.0.01:3030
19.3.2025, 15:03:58 - INFO - Server ready at port http://127.0.01:3030
19.3.2025, 15:11:15 - INFO - Server ready at port http://127.0.01:3030
19.3.2025, 15:11:17 - INFO - Server ready at port http://127.0.01:3030
19.3.2025, 15:14:10 - INFO - Server ready at port http://127.0.01:3030
19.3.2025, 15:14:33 - INFO - Server ready at port http://127.0.01:3030
19.3.2025, 15:14:52 - INFO - Server ready at port http://127.0.01:3030
19.3.2025, 15:14:59 - INFO - Server ready at port http://127.0.01:3030
19.3.2025, 15:15:43 - INFO - Server ready at port http://127.0.01:3030
19.3.2025, 15:16:01 - INFO - Server ready at port http://127.0.01:3030
19.3.2025, 15:16:11 - INFO - Server ready at port http://127.0.01:3030
19.3.2025, 15:18:34 - INFO - Server ready at port http://127.0.01:3030
19.3.2025, 15:18:38 - INFO - Server ready at port http://127.0.01:3030
19.3.2025, 15:18:41 - INFO - Server ready at port http://127.0.01:3030
19.3.2025, 15:18:51 - INFO - Server ready at port http://127.0.01:3030
19.3.2025, 15:18:54 - INFO - Server ready at port http://127.0.01:3030
19.3.2025, 15:21:21 - INFO - Server ready at port http://127.0.01:3030
19.3.2025, 15:21:25 - INFO - Server ready at port http://127.0.01:3030
19.3.2025, 15:21:27 - INFO - Server ready at port http://127.0.01:3030
19.3.2025, 15:21:39 - INFO - Server ready at port http://127.0.01:3030
19.3.2025, 15:21:47 - INFO - Server ready at port http://127.0.01:3030
19.3.2025, 15:21:50 - INFO - Server ready at port http://127.0.01:3030
19.3.2025, 15:22:47 - INFO - Server ready at port http://127.0.01:3030
19.3.2025, 15:22:49 - INFO - Server ready at port http://127.0.01:3030
19.3.2025, 15:23:08 - INFO - Server ready at port http://127.0.01:3030
19.3.2025, 15:23:15 - INFO - Server ready at port http://127.0.01:3030
19.3.2025, 15:23:17 - INFO - Server ready at port http://127.0.01:3030
19.3.2025, 15:23:47 - INFO - Server ready at port http://127.0.01:3030
19.3.2025, 15:23:50 - INFO - Server ready at port http://127.0.01:3030
19.3.2025, 15:23:51 - INFO - Server ready at port http://127.0.01:3030
19.3.2025, 15:23:53 - INFO - Server ready at port http://127.0.01:3030
19.3.2025, 15:23:55 - INFO - Server ready at port http://127.0.01:3030
19.3.2025, 15:23:57 - INFO - Server ready at port http://127.0.01:3030
19.3.2025, 15:24:04 - INFO - Server ready at port http://127.0.01:3030
19.3.2025, 15:25:18 - INFO - Server ready at port http://127.0.01:3030
19.3.2025, 15:26:11 - INFO - Server ready at port http://127.0.01:3030
19.3.2025, 15:26:13 - INFO - Server ready at port http://127.0.01:3030
19.3.2025, 15:26:16 - INFO - Server ready at port http://127.0.01:3030
19.3.2025, 15:26:48 - INFO - Server ready at port http://127.0.01:3030
19.3.2025, 15:26:50 - INFO - Server ready at port http://127.0.01:3030
19.3.2025, 15:26:51 - INFO - Server ready at port http://127.0.01:3030
19.3.2025, 15:29:58 - INFO - Server ready at port http://127.0.01:3030
19.3.2025, 15:30:06 - INFO - Server ready at port http://127.0.01:3030
19.3.2025, 15:31:53 - INFO - Server ready at port http://127.0.01:3030
19.3.2025, 15:31:56 - INFO - Server ready at port http://127.0.01:3030
19.3.2025, 15:32:01 - INFO - Server ready at port http://127.0.01:3030
19.3.2025, 15:32:05 - INFO - Server ready at port http://127.0.01:3030
19.3.2025, 15:32:08 - INFO - Server ready at port http://127.0.01:3030
19.3.2025, 15:32:11 - INFO - Server ready at port http://127.0.01:3030
19.3.2025, 15:32:13 - INFO - Server ready at port http://127.0.01:3030
19.3.2025, 15:32:22 - INFO - Server ready at port http://127.0.01:3030
19.3.2025, 15:32:37 - INFO - Server ready at port http://127.0.01:3030
19.3.2025, 15:32:38 - INFO - Server ready at port http://127.0.01:3030
19.3.2025, 15:32:43 - INFO - Server ready at port http://127.0.01:3030
19.3.2025, 15:32:45 - INFO - Server ready at port http://127.0.01:3030
19.3.2025, 15:32:48 - INFO - Server ready at port http://127.0.01:3030
19.3.2025, 15:32:59 - INFO - Server ready at port http://127.0.01:3030
19.3.2025, 15:33:02 - INFO - Server ready at port http://127.0.01:3030
19.3.2025, 15:33:11 - INFO - Server ready at port http://127.0.01:3030
19.3.2025, 15:33:18 - INFO - Server ready at port http://127.0.01:3030
19.3.2025, 15:33:19 - INFO - Server ready at port http://127.0.01:3030
19.3.2025, 15:33:40 - INFO - Server ready at port http://127.0.01:3030
19.3.2025, 15:33:45 - INFO - Server ready at port http://127.0.01:3030
19.3.2025, 15:34:05 - INFO - Server ready at port http://127.0.01:3030
19.3.2025, 15:34:06 - INFO - Server ready at port http://127.0.01:3030
19.3.2025, 15:34:46 - INFO - Server ready at port http://127.0.01:3030
19.3.2025, 15:35:58 - INFO - Server ready at port http://127.0.01:3030
19.3.2025, 15:37:04 - INFO - Server ready at port http://127.0.01:3030
19.3.2025, 15:37:05 - INFO - Server ready at port http://127.0.01:3030
19.3.2025, 15:37:12 - INFO - Server ready at port http://127.0.01:3030
19.3.2025, 15:37:12 - INFO - Server ready at port http://127.0.01:3030
19.3.2025, 15:37:15 - INFO - Server ready at port http://127.0.01:3030
19.3.2025, 15:38:37 - INFO - Server ready at port http://127.0.01:3030
19.3.2025, 15:38:42 - INFO - Server ready at port http://127.0.01:3030
19.3.2025, 15:38:44 - INFO - Server ready at port http://127.0.01:3030
19.3.2025, 15:40:49 - INFO - Server ready at port http://127.0.01:3030
19.3.2025, 15:40:53 - INFO - Server ready at port http://127.0.01:3030
19.3.2025, 15:40:58 - INFO - Server ready at port http://127.0.01:3030
19.3.2025, 15:41:01 - INFO - Server ready at port http://127.0.01:3030
19.3.2025, 15:41:04 - INFO - Server ready at port http://127.0.01:3030
19.3.2025, 15:43:42 - INFO - Server ready at port http://127.0.01:3030
19.3.2025, 15:43:45 - INFO - Server ready at port http://127.0.01:3030
19.3.2025, 17:29:18 - INFO - Server ready at port http://127.0.01:3030
19.3.2025, 17:29:18 - INFO - Server ready at port http://127.0.01:3030
19.3.2025, 17:30:04 - INFO - Server ready at port http://127.0.01:3030
19.3.2025, 17:30:19 - INFO - Server ready at port http://127.0.01:3030
19.3.2025, 17:30:21 - INFO - Server ready at port http://127.0.01:3030
19.3.2025, 17:30:26 - INFO - Server ready at port http://127.0.01:3030
19.3.2025, 17:31:08 - INFO - Server ready at port http://127.0.01:3030
19.3.2025, 17:32:03 - INFO - Server ready at port http://127.0.01:3030
19.3.2025, 17:32:44 - INFO - Server ready at port http://127.0.01:3030
19.3.2025, 17:33:45 - INFO - Server ready at port http://127.0.01:3030
19.3.2025, 17:34:02 - INFO - Server ready at port http://127.0.01:3030
19.3.2025, 17:34:29 - INFO - Server ready at port http://127.0.01:3030
19.3.2025, 17:34:39 - INFO - Server ready at port http://127.0.01:3030
19.3.2025, 17:34:53 - INFO - Server ready at port http://127.0.01:3030
19.3.2025, 17:34:56 - INFO - Server ready at port http://127.0.01:3030
19.3.2025, 17:34:58 - INFO - Server ready at port http://127.0.01:3030
19.3.2025, 17:35:00 - INFO - Server ready at port http://127.0.01:3030
19.3.2025, 17:35:04 - INFO - Server ready at port http://127.0.01:3030
19.3.2025, 17:35:05 - INFO - Server ready at port http://127.0.01:3030
19.3.2025, 17:35:24 - INFO - Server ready at port http://127.0.01:3030
19.3.2025, 17:35:34 - INFO - Server ready at port http://127.0.01:3030
19.3.2025, 17:35:37 - INFO - Server ready at port http://127.0.01:3030
19.3.2025, 17:35:40 - INFO - Server ready at port http://127.0.01:3030
19.3.2025, 17:35:45 - INFO - Server ready at port http://127.0.01:3030
19.3.2025, 17:35:50 - INFO - Server ready at port http://127.0.01:3030
19.3.2025, 17:35:52 - INFO - Server ready at port http://127.0.01:3030
19.3.2025, 17:36:02 - INFO - Server ready at port http://127.0.01:3030
19.3.2025, 17:36:06 - INFO - Server ready at port http://127.0.01:3030
19.3.2025, 17:36:09 - INFO - Server ready at port http://127.0.01:3030
19.3.2025, 17:36:12 - INFO - Server ready at port http://127.0.01:3030
19.3.2025, 17:36:15 - INFO - Server ready at port http://127.0.01:3030
19.3.2025, 17:36:16 - INFO - Server ready at port http://127.0.01:3030
19.3.2025, 17:36:19 - INFO - Server ready at port http://127.0.01:3030
19.3.2025, 17:37:24 - INFO - Server ready at port http://127.0.01:3030
19.3.2025, 17:37:27 - INFO - Server ready at port http://127.0.01:3030
19.3.2025, 17:38:16 - INFO - Server ready at port http://127.0.01:3030
19.3.2025, 17:39:26 - INFO - Server ready at port http://127.0.01:3030
19.3.2025, 17:42:24 - INFO - Server ready at port http://127.0.01:3030
19.3.2025, 17:47:52 - INFO - Server ready at port http://127.0.01:3030
19.3.2025, 17:47:53 - INFO - Server ready at port http://127.0.01:3030
19.3.2025, 17:49:12 - INFO - Server ready at port http://127.0.01:3030
19.3.2025, 17:51:08 - INFO - Server ready at port http://127.0.01:3030
19.3.2025, 20:10:01 - INFO - Server ready at port http://127.0.01:3030
19.3.2025, 20:15:47 - INFO - Server ready at port http://127.0.01:3030
19.3.2025, 20:15:49 - INFO - Server ready at port http://127.0.01:3030
19.3.2025, 20:15:55 - ERROR - cannot load bug | cannot find bug - [object Object]
19.3.2025, 20:15:55 - ERROR - cannot load bug | cannot find bug - [object Object]
19.3.2025, 20:16:11 - INFO - Server ready at port http://127.0.01:3030
19.3.2025, 20:16:12 - INFO - Server ready at port http://127.0.01:3030
19.3.2025, 20:16:17 - INFO - Server ready at port http://127.0.01:3030
19.3.2025, 20:16:20 - INFO - Server ready at port http://127.0.01:3030
19.3.2025, 20:17:22 - INFO - Server ready at port http://127.0.01:3030
19.3.2025, 20:17:26 - INFO - Server ready at port http://127.0.01:3030
19.3.2025, 20:17:34 - INFO - Server ready at port http://127.0.01:3030
19.3.2025, 20:17:35 - INFO - Server ready at port http://127.0.01:3030
19.3.2025, 20:19:02 - INFO - Server ready at port http://127.0.01:3030
19.3.2025, 20:19:03 - INFO - Server ready at port http://127.0.01:3030
19.3.2025, 20:19:05 - INFO - Server ready at port http://127.0.01:3030
19.3.2025, 20:19:10 - INFO - Server ready at port http://127.0.01:3030
19.3.2025, 20:19:11 - INFO - Server ready at port http://127.0.01:3030
19.3.2025, 20:19:14 - INFO - Server ready at port http://127.0.01:3030
19.3.2025, 20:19:17 - INFO - Server ready at port http://127.0.01:3030
19.3.2025, 20:19:19 - INFO - Server ready at port http://127.0.01:3030
19.3.2025, 20:19:22 - INFO - Server ready at port http://127.0.01:3030
19.3.2025, 20:19:42 - INFO - Server ready at port http://127.0.01:3030
19.3.2025, 20:19:52 - INFO - Server ready at port http://127.0.01:3030
19.3.2025, 20:19:54 - INFO - Server ready at port http://127.0.01:3030
19.3.2025, 20:19:57 - INFO - Server ready at port http://127.0.01:3030
19.3.2025, 20:20:01 - INFO - Server ready at port http://127.0.01:3030
19.3.2025, 20:20:02 - INFO - Server ready at port http://127.0.01:3030
19.3.2025, 20:20:04 - INFO - Server ready at port http://127.0.01:3030
19.3.2025, 20:20:08 - INFO - Server ready at port http://127.0.01:3030
19.3.2025, 20:20:14 - INFO - Server ready at port http://127.0.01:3030
19.3.2025, 20:20:15 - INFO - Server ready at port http://127.0.01:3030
19.3.2025, 20:20:24 - INFO - Server ready at port http://127.0.01:3030
19.3.2025, 20:20:26 - INFO - Server ready at port http://127.0.01:3030
19.3.2025, 20:20:28 - INFO - Server ready at port http://127.0.01:3030
19.3.2025, 20:20:33 - INFO - Server ready at port http://127.0.01:3030
19.3.2025, 20:20:41 - INFO - Server ready at port http://127.0.01:3030
19.3.2025, 20:20:56 - INFO - Server ready at port http://127.0.01:3030
19.3.2025, 20:20:58 - INFO - Server ready at port http://127.0.01:3030
19.3.2025, 20:20:59 - INFO - Server ready at port http://127.0.01:3030
19.3.2025, 20:21:01 - INFO - Server ready at port http://127.0.01:3030
19.3.2025, 20:21:06 - INFO - Server ready at port http://127.0.01:3030
19.3.2025, 20:21:14 - INFO - Server ready at port http://127.0.01:3030
19.3.2025, 20:21:19 - INFO - Server ready at port http://127.0.01:3030
19.3.2025, 20:21:21 - INFO - Server ready at port http://127.0.01:3030
19.3.2025, 20:21:22 - INFO - Server ready at port http://127.0.01:3030
19.3.2025, 20:21:27 - INFO - Server ready at port http://127.0.01:3030
19.3.2025, 20:21:30 - INFO - Server ready at port http://127.0.01:3030
19.3.2025, 20:21:36 - INFO - Server ready at port http://127.0.01:3030
19.3.2025, 20:21:40 - INFO - Server ready at port http://127.0.01:3030
19.3.2025, 20:21:40 - INFO - Server ready at port http://127.0.01:3030
19.3.2025, 20:23:05 - INFO - Server ready at port http://127.0.01:3030
19.3.2025, 20:23:25 - INFO - Server ready at port http://127.0.01:3030
19.3.2025, 20:26:50 - INFO - Server ready at port http://127.0.01:3030
19.3.2025, 20:26:55 - INFO - Server ready at port http://127.0.01:3030
19.3.2025, 20:45:40 - INFO - Server ready at port http://127.0.01:3030
20.3.2025, 2:34:43 - INFO - Server ready at port http://127.0.01:3030
20.3.2025, 2:35:29 - INFO - Server ready at port http://127.0.01:3030
20.3.2025, 2:35:33 - INFO - Server ready at port http://127.0.01:3030
20.3.2025, 2:37:11 - INFO - Server ready at port http://127.0.01:3030
20.3.2025, 2:37:29 - INFO - Server ready at port http://127.0.01:3030
20.3.2025, 2:37:32 - INFO - Server ready at port http://127.0.01:3030
20.3.2025, 2:37:34 - INFO - Server ready at port http://127.0.01:3030
20.3.2025, 2:37:35 - INFO - Server ready at port http://127.0.01:3030
20.3.2025, 12:03:22 - INFO - Server ready at port http://127.0.01:3030
20.3.2025, 12:10:18 - ERROR - cannot load bug | cannot find bug - def456
20.3.2025, 12:11:19 - INFO - Server ready at port http://127.0.01:3030
20.3.2025, 12:11:21 - INFO - Server ready at port http://127.0.01:3030
20.3.2025, 12:11:39 - INFO - Server ready at port http://127.0.01:3030
20.3.2025, 12:16:06 - INFO - Server ready at port http://127.0.01:3030
20.3.2025, 12:16:10 - INFO - Server ready at port http://127.0.01:3030
20.3.2025, 12:16:11 - INFO - Server ready at port http://127.0.01:3030
20.3.2025, 12:16:13 - INFO - Server ready at port http://127.0.01:3030
20.3.2025, 12:16:14 - INFO - Server ready at port http://127.0.01:3030
20.3.2025, 12:16:16 - INFO - Server ready at port http://127.0.01:3030
20.3.2025, 12:16:18 - INFO - Server ready at port http://127.0.01:3030
20.3.2025, 12:16:41 - INFO - Server ready at port http://127.0.01:3030
20.3.2025, 12:16:50 - INFO - Server ready at port http://127.0.01:3030
20.3.2025, 12:16:53 - INFO - Server ready at port http://127.0.01:3030
20.3.2025, 18:15:28 - INFO - Server ready at port http://127.0.01:3030
20.3.2025, 18:15:44 - INFO - Server ready at port http://127.0.01:3030
20.3.2025, 18:19:56 - INFO - Server ready at port http://127.0.01:3030
20.3.2025, 18:22:05 - INFO - Server ready at port http://127.0.01:3030
20.3.2025, 18:22:11 - INFO - Server ready at port http://127.0.01:3030
20.3.2025, 18:23:49 - INFO - Server ready at port http://127.0.01:3030
20.3.2025, 18:24:24 - INFO - Server ready at port http://127.0.01:3030
20.3.2025, 18:24:25 - INFO - Server ready at port http://127.0.01:3030
20.3.2025, 18:24:29 - INFO - Server ready at port http://127.0.01:3030
20.3.2025, 18:24:31 - INFO - Server ready at port http://127.0.01:3030
20.3.2025, 18:25:09 - INFO - Server ready at port http://127.0.01:3030
20.3.2025, 18:25:10 - INFO - Server ready at port http://127.0.01:3030
20.3.2025, 18:25:27 - INFO - Server ready at port http://127.0.01:3030
20.3.2025, 18:25:33 - INFO - Server ready at port http://127.0.01:3030
20.3.2025, 18:29:18 - INFO - Server ready at port http://127.0.01:3030
20.3.2025, 18:29:18 - INFO - Server ready at port http://127.0.01:3030
20.3.2025, 18:29:26 - INFO - Server ready at port http://127.0.01:3030
20.3.2025, 18:30:05 - INFO - Server ready at port http://127.0.01:3030
20.3.2025, 18:30:10 - INFO - Server ready at port http://127.0.01:3030
20.3.2025, 18:30:20 - INFO - Server ready at port http://127.0.01:3030
20.3.2025, 20:05:15 - INFO - Server ready at port http://127.0.01:3030
20.3.2025, 23:50:43 - INFO - Server ready at port http://127.0.01:3030
20.3.2025, 23:50:56 - INFO - Server ready at port http://127.0.01:3030
20.3.2025, 23:51:08 - INFO - Server ready at port http://127.0.01:3030
20.3.2025, 23:52:31 - INFO - Server ready at port http://127.0.01:3030
20.3.2025, 23:52:37 - INFO - Server ready at port http://127.0.01:3030
20.3.2025, 23:52:59 - INFO - Server ready at port http://127.0.01:3030
20.3.2025, 23:53:39 - INFO - Server ready at port http://127.0.01:3030
20.3.2025, 23:53:42 - INFO - Server ready at port http://127.0.01:3030
20.3.2025, 23:53:45 - INFO - Server ready at port http://127.0.01:3030
20.3.2025, 23:53:56 - INFO - Server ready at port http://127.0.01:3030
20.3.2025, 23:53:57 - INFO - Server ready at port http://127.0.01:3030
20.3.2025, 23:54:09 - INFO - Server ready at port http://127.0.01:3030
20.3.2025, 23:54:13 - INFO - Server ready at port http://127.0.01:3030
20.3.2025, 23:54:27 - INFO - Server ready at port http://127.0.01:3030
21.3.2025, 1:24:46 - INFO - Server ready at port http://127.0.01:3030
21.3.2025, 1:56:20 - INFO - Server ready at port http://127.0.01:3030
21.3.2025, 11:40:00 - INFO - Server ready at port http://127.0.01:3030
21.3.2025, 17:14:38 - INFO - Server ready at port http://127.0.01:3030
22.3.2025, 20:16:37 - INFO - Server ready at port http://127.0.01:3030
22.3.2025, 20:33:55 - INFO - Server ready at port http://127.0.01:3030
22.3.2025, 20:34:00 - INFO - Server ready at port http://127.0.01:3030
22.3.2025, 20:34:07 - INFO - Server ready at port http://127.0.01:3030
24.3.2025, 23:26:41 - INFO - Server ready at port http://127.0.01:3030
24.3.2025, 23:26:54 - INFO - Server ready at port http://127.0.01:3030
24.3.2025, 23:26:57 - INFO - Server ready at port http://127.0.01:3030
24.3.2025, 23:30:16 - INFO - Server ready at port http://127.0.01:3030
24.3.2025, 23:30:19 - INFO - Server ready at port http://127.0.01:3030
24.3.2025, 23:30:22 - INFO - Server ready at port http://127.0.01:3030
24.3.2025, 23:30:25 - INFO - Server ready at port http://127.0.01:3030
24.3.2025, 23:30:35 - INFO - Server ready at port http://127.0.01:3030
24.3.2025, 23:30:51 - INFO - Server ready at port http://127.0.01:3030
24.3.2025, 23:31:45 - INFO - Server ready at port http://127.0.01:3030
24.3.2025, 23:31:50 - INFO - Server ready at port http://127.0.01:3030
24.3.2025, 23:31:52 - INFO - Server ready at port http://127.0.01:3030
24.3.2025, 23:31:55 - INFO - Server ready at port http://127.0.01:3030
24.3.2025, 23:33:27 - INFO - Server ready at port http://127.0.01:3030
24.3.2025, 23:33:34 - INFO - Server ready at port http://127.0.01:3030
24.3.2025, 23:33:41 - INFO - Server ready at port http://127.0.01:3030
24.3.2025, 23:33:44 - INFO - Server ready at port http://127.0.01:3030
24.3.2025, 23:33:44 - INFO - Server ready at port http://127.0.01:3030
24.3.2025, 23:33:51 - INFO - Server ready at port http://127.0.01:3030
24.3.2025, 23:34:04 - INFO - Server ready at port http://127.0.01:3030
24.3.2025, 23:34:05 - INFO - Server ready at port http://127.0.01:3030
24.3.2025, 23:34:08 - INFO - Server ready at port http://127.0.01:3030
24.3.2025, 23:34:25 - INFO - Server ready at port http://127.0.01:3030
24.3.2025, 23:34:26 - INFO - Server ready at port http://127.0.01:3030
24.3.2025, 23:34:27 - INFO - Server ready at port http://127.0.01:3030
24.3.2025, 23:34:30 - INFO - Server ready at port http://127.0.01:3030
24.3.2025, 23:34:48 - ERROR - cannot load bug | cannot find bug - save
24.3.2025, 23:37:29 - INFO - Server ready at port http://127.0.01:3030
24.3.2025, 23:37:38 - INFO - Server ready at port http://127.0.01:3030
24.3.2025, 23:37:47 - INFO - Server ready at port http://127.0.01:3030
24.3.2025, 23:38:08 - INFO - Server ready at port http://127.0.01:3030
24.3.2025, 23:38:11 - INFO - Server ready at port http://127.0.01:3030
24.3.2025, 23:38:28 - INFO - Server ready at port http://127.0.01:3030
24.3.2025, 23:38:29 - INFO - Server ready at port http://127.0.01:3030
24.3.2025, 23:38:29 - INFO - Server ready at port http://127.0.01:3030
24.3.2025, 23:38:36 - INFO - Server ready at port http://127.0.01:3030
24.3.2025, 23:38:45 - INFO - Server ready at port http://127.0.01:3030
24.3.2025, 23:39:06 - INFO - Server ready at port http://127.0.01:3030
24.3.2025, 23:39:07 - INFO - Server ready at port http://127.0.01:3030
24.3.2025, 23:39:08 - INFO - Server ready at port http://127.0.01:3030
24.3.2025, 23:39:13 - INFO - Server ready at port http://127.0.01:3030
24.3.2025, 23:39:37 - INFO - Server ready at port http://127.0.01:3030
24.3.2025, 23:39:38 - INFO - Server ready at port http://127.0.01:3030
24.3.2025, 23:39:46 - INFO - Server ready at port http://127.0.01:3030
24.3.2025, 23:39:52 - INFO - Server ready at port http://127.0.01:3030
24.3.2025, 23:39:55 - INFO - Server ready at port http://127.0.01:3030
24.3.2025, 23:39:56 - INFO - Server ready at port http://127.0.01:3030
24.3.2025, 23:40:03 - INFO - Server ready at port http://127.0.01:3030
24.3.2025, 23:40:32 - INFO - Server ready at port http://127.0.01:3030
24.3.2025, 23:40:36 - INFO - Server ready at port http://127.0.01:3030
24.3.2025, 23:40:38 - INFO - Server ready at port http://127.0.01:3030
24.3.2025, 23:41:04 - INFO - Server ready at port http://127.0.01:3030
24.3.2025, 23:41:05 - INFO - Server ready at port http://127.0.01:3030
24.3.2025, 23:41:06 - INFO - Server ready at port http://127.0.01:3030
24.3.2025, 23:41:10 - INFO - Server ready at port http://127.0.01:3030
24.3.2025, 23:41:13 - INFO - Server ready at port http://127.0.01:3030
24.3.2025, 23:41:15 - INFO - Server ready at port http://127.0.01:3030
24.3.2025, 23:42:58 - INFO - Server ready at port http://127.0.01:3030
24.3.2025, 23:44:53 - INFO - Server ready at port http://127.0.01:3030
24.3.2025, 23:47:48 - INFO - Server ready at port http://127.0.01:3030
24.3.2025, 23:47:50 - INFO - Server ready at port http://127.0.01:3030
24.3.2025, 23:48:13 - INFO - Server ready at port http://127.0.01:3030
24.3.2025, 23:48:16 - INFO - Server ready at port http://127.0.01:3030
24.3.2025, 23:48:19 - INFO - Server ready at port http://127.0.01:3030
24.3.2025, 23:48:59 - INFO - Server ready at port http://127.0.01:3030
24.3.2025, 23:49:02 - INFO - Server ready at port http://127.0.01:3030
24.3.2025, 23:49:08 - INFO - Server ready at port http://127.0.01:3030
24.3.2025, 23:49:11 - INFO - Server ready at port http://127.0.01:3030
24.3.2025, 23:56:49 - INFO - Server ready at port http://127.0.01:3030
24.3.2025, 23:57:35 - INFO - Server ready at port http://127.0.01:3030
24.3.2025, 23:57:38 - INFO - Server ready at port http://127.0.01:3030
24.3.2025, 23:57:42 - INFO - Server ready at port http://127.0.01:3030
24.3.2025, 23:57:47 - INFO - Server ready at port http://127.0.01:3030
24.3.2025, 23:57:48 - INFO - Server ready at port http://127.0.01:3030
24.3.2025, 23:57:52 - INFO - Server ready at port http://127.0.01:3030
24.3.2025, 23:57:55 - INFO - Server ready at port http://127.0.01:3030
24.3.2025, 23:57:56 - INFO - Server ready at port http://127.0.01:3030
24.3.2025, 23:58:57 - INFO - Server ready at port http://127.0.01:3030
24.3.2025, 23:58:59 - INFO - Server ready at port http://127.0.01:3030
24.3.2025, 23:59:00 - INFO - Server ready at port http://127.0.01:3030
24.3.2025, 23:59:02 - INFO - Server ready at port http://127.0.01:3030
24.3.2025, 23:59:06 - INFO - Server ready at port http://127.0.01:3030
24.3.2025, 23:59:07 - INFO - Server ready at port http://127.0.01:3030
24.3.2025, 23:59:10 - INFO - Server ready at port http://127.0.01:3030
24.3.2025, 23:59:17 - INFO - Server ready at port http://127.0.01:3030
24.3.2025, 23:59:24 - INFO - Server ready at port http://127.0.01:3030
25.3.2025, 0:03:31 - INFO - Server ready at port http://127.0.01:3030
25.3.2025, 0:08:04 - INFO - Server ready at port http://127.0.01:3030
25.3.2025, 0:08:12 - INFO - Server ready at port http://127.0.01:3030
25.3.2025, 0:08:31 - INFO - Server ready at port http://127.0.01:3030
25.3.2025, 0:08:32 - INFO - Server ready at port http://127.0.01:3030
25.3.2025, 0:08:54 - INFO - Server ready at port http://127.0.01:3030
25.3.2025, 0:09:00 - INFO - Server ready at port http://127.0.01:3030
25.3.2025, 0:09:03 - INFO - Server ready at port http://127.0.01:3030
25.3.2025, 3:26:22 - INFO - Server ready at port http://127.0.01:3030
25.3.2025, 3:26:28 - INFO - Server ready at port http://127.0.01:3030
25.3.2025, 3:26:34 - INFO - Server ready at port http://127.0.01:3030
25.3.2025, 3:26:57 - INFO - Server ready at port http://127.0.01:3030
25.3.2025, 3:26:59 - INFO - Server ready at port http://127.0.01:3030
25.3.2025, 3:26:59 - INFO - Server ready at port http://127.0.01:3030
25.3.2025, 3:27:59 - INFO - Server ready at port http://127.0.01:3030
25.3.2025, 3:28:02 - INFO - Server ready at port http://127.0.01:3030
25.3.2025, 3:28:05 - INFO - Server ready at port http://127.0.01:3030
25.3.2025, 3:28:27 - INFO - Server ready at port http://127.0.01:3030
25.3.2025, 3:29:53 - INFO - Server ready at port http://127.0.01:3030
25.3.2025, 3:30:00 - INFO - Server ready at port http://127.0.01:3030
25.3.2025, 3:30:51 - INFO - Server ready at port http://127.0.01:3030
25.3.2025, 3:30:55 - INFO - Server ready at port http://127.0.01:3030
25.3.2025, 3:31:12 - INFO - Server ready at port http://127.0.01:3030
25.3.2025, 3:31:14 - INFO - Server ready at port http://127.0.01:3030
25.3.2025, 3:31:20 - INFO - Server ready at port http://127.0.01:3030
25.3.2025, 3:31:23 - INFO - Server ready at port http://127.0.01:3030
25.3.2025, 3:31:26 - INFO - Server ready at port http://127.0.01:3030
25.3.2025, 3:31:29 - INFO - Server ready at port http://127.0.01:3030
25.3.2025, 3:31:40 - INFO - Server ready at port http://127.0.01:3030
25.3.2025, 3:31:41 - INFO - Server ready at port http://127.0.01:3030
25.3.2025, 3:36:34 - INFO - Server ready at port http://127.0.01:3030
25.3.2025, 3:36:36 - INFO - Server ready at port http://127.0.01:3030
25.3.2025, 3:36:37 - INFO - Server ready at port http://127.0.01:3030
25.3.2025, 3:38:07 - INFO - Server ready at port http://127.0.01:3030
25.3.2025, 3:38:10 - INFO - Server ready at port http://127.0.01:3030
25.3.2025, 3:38:12 - INFO - Server ready at port http://127.0.01:3030
25.3.2025, 3:38:38 - INFO - Server ready at port http://127.0.01:3030
25.3.2025, 3:38:42 - INFO - Server ready at port http://127.0.01:3030
25.3.2025, 3:38:45 - INFO - Server ready at port http://127.0.01:3030
25.3.2025, 3:38:55 - INFO - Server ready at port http://127.0.01:3030
25.3.2025, 3:38:56 - INFO - Server ready at port http://127.0.01:3030
25.3.2025, 3:40:14 - INFO - Server ready at port http://127.0.01:3030
25.3.2025, 3:40:23 - INFO - Server ready at port http://127.0.01:3030
25.3.2025, 3:40:28 - INFO - Server ready at port http://127.0.01:3030
25.3.2025, 3:40:29 - INFO - Server ready at port http://127.0.01:3030
25.3.2025, 3:41:38 - INFO - Server ready at port http://127.0.01:3030
25.3.2025, 3:41:56 - INFO - Server ready at port http://127.0.01:3030
25.3.2025, 3:42:58 - INFO - Server ready at port http://127.0.01:3030
25.3.2025, 3:43:02 - INFO - Server ready at port http://127.0.01:3030
25.3.2025, 3:43:29 - INFO - Server ready at port http://127.0.01:3030
25.3.2025, 3:47:49 - INFO - Server ready at port http://127.0.01:3030
25.3.2025, 3:47:54 - INFO - Server ready at port http://127.0.01:3030
25.3.2025, 3:47:55 - INFO - Server ready at port http://127.0.01:3030
25.3.2025, 3:47:57 - INFO - Server ready at port http://127.0.01:3030
25.3.2025, 3:48:01 - INFO - Server ready at port http://127.0.01:3030
25.3.2025, 3:48:02 - INFO - Server ready at port http://127.0.01:3030
25.3.2025, 3:50:03 - INFO - Server ready at port http://127.0.01:3030
25.3.2025, 3:51:09 - INFO - Server ready at port http://127.0.01:3030
25.3.2025, 3:51:10 - INFO - Server ready at port http://127.0.01:3030
25.3.2025, 3:51:16 - INFO - Server ready at port http://127.0.01:3030
25.3.2025, 3:51:22 - INFO - Server ready at port http://127.0.01:3030
25.3.2025, 3:51:35 - INFO - Server ready at port http://127.0.01:3030
25.3.2025, 3:51:40 - INFO - Server ready at port http://127.0.01:3030
25.3.2025, 3:52:16 - INFO - Server ready at port http://127.0.01:3030
25.3.2025, 3:52:44 - INFO - Server ready at port http://127.0.01:3030
25.3.2025, 3:52:54 - INFO - Server ready at port http://127.0.01:3030
25.3.2025, 3:53:12 - INFO - Server ready at port http://127.0.01:3030
25.3.2025, 3:53:25 - INFO - Server ready at port http://127.0.01:3030
25.3.2025, 3:53:33 - INFO - Server ready at port http://127.0.01:3030
25.3.2025, 3:53:43 - INFO - Server ready at port http://127.0.01:3030
25.3.2025, 3:53:50 - INFO - Server ready at port http://127.0.01:3030
25.3.2025, 3:53:53 - INFO - Server ready at port http://127.0.01:3030
25.3.2025, 3:53:55 - INFO - Server ready at port http://127.0.01:3030
25.3.2025, 3:53:57 - INFO - Server ready at port http://127.0.01:3030
25.3.2025, 3:54:24 - INFO - Server ready at port http://127.0.01:3030
25.3.2025, 3:55:06 - INFO - Server ready at port http://127.0.01:3030
25.3.2025, 3:55:10 - INFO - Server ready at port http://127.0.01:3030
25.3.2025, 3:55:11 - INFO - Server ready at port http://127.0.01:3030
25.3.2025, 3:55:37 - INFO - Server ready at port http://127.0.01:3030
25.3.2025, 3:55:40 - INFO - Server ready at port http://127.0.01:3030
25.3.2025, 3:55:40 - INFO - Server ready at port http://127.0.01:3030
25.3.2025, 3:56:22 - INFO - Server ready at port http://127.0.01:3030
25.3.2025, 3:56:22 - INFO - Server ready at port http://127.0.01:3030
25.3.2025, 3:56:46 - INFO - Server ready at port http://127.0.01:3030
25.3.2025, 3:57:56 - INFO - Server ready at port http://127.0.01:3030
25.3.2025, 3:58:03 - INFO - Server ready at port http://127.0.01:3030
25.3.2025, 3:58:38 - INFO - Server ready at port http://127.0.01:3030
25.3.2025, 12:31:34 - INFO - Server ready at port http://127.0.01:3030
25.3.2025, 12:36:27 - INFO - Server ready at port http://127.0.01:3030
25.3.2025, 12:36:30 - INFO - Server ready at port http://127.0.01:3030
25.3.2025, 12:37:39 - INFO - Server ready at port http://127.0.01:3030
25.3.2025, 12:37:45 - INFO - Server ready at port http://127.0.01:3030
25.3.2025, 12:37:55 - INFO - Server ready at port http://127.0.01:3030
25.3.2025, 12:37:56 - INFO - Server ready at port http://127.0.01:3030
25.3.2025, 12:41:59 - INFO - Server ready at port http://127.0.01:3030
25.3.2025, 12:42:00 - INFO - Server ready at port http://127.0.01:3030
25.3.2025, 12:42:03 - INFO - Server ready at port http://127.0.01:3030
25.3.2025, 12:48:31 - INFO - Server ready at port http://127.0.01:3030
25.3.2025, 12:48:34 - INFO - Server ready at port http://127.0.01:3030
25.3.2025, 12:48:34 - INFO - Server ready at port http://127.0.01:3030
25.3.2025, 12:49:06 - INFO - Server ready at port http://127.0.01:3030
25.3.2025, 12:49:08 - INFO - Server ready at port http://127.0.01:3030
25.3.2025, 12:49:26 - INFO - Server ready at port http://127.0.01:3030
25.3.2025, 12:49:30 - INFO - Server ready at port http://127.0.01:3030
25.3.2025, 12:49:32 - INFO - Server ready at port http://127.0.01:3030
25.3.2025, 12:49:47 - INFO - Server ready at port http://127.0.01:3030
25.3.2025, 12:49:59 - INFO - Server ready at port http://127.0.01:3030
25.3.2025, 12:49:59 - INFO - Server ready at port http://127.0.01:3030
25.3.2025, 12:50:27 - INFO - Server ready at port http://127.0.01:3030
25.3.2025, 12:50:45 - INFO - Server ready at port http://127.0.01:3030
25.3.2025, 12:50:51 - INFO - Server ready at port http://127.0.01:3030
25.3.2025, 12:50:58 - INFO - Server ready at port http://127.0.01:3030
25.3.2025, 12:51:21 - INFO - Server ready at port http://127.0.01:3030
25.3.2025, 12:51:26 - INFO - Server ready at port http://127.0.01:3030
25.3.2025, 12:51:56 - INFO - Server ready at port http://127.0.01:3030
25.3.2025, 12:52:36 - INFO - Server ready at port http://127.0.01:3030
25.3.2025, 12:58:07 - INFO - Server ready at port http://127.0.01:3030
25.3.2025, 13:06:24 - INFO - Server ready at port http://127.0.01:3030
25.3.2025, 13:06:40 - INFO - Server ready at port http://127.0.01:3030
25.3.2025, 13:07:31 - INFO - Server ready at port http://127.0.01:3030
25.3.2025, 13:10:57 - INFO - Server ready at port http://127.0.01:3030
25.3.2025, 13:10:59 - INFO - Server ready at port http://127.0.01:3030
25.3.2025, 13:28:08 - INFO - Server ready at port http://127.0.01:3030
25.3.2025, 18:08:55 - INFO - Server ready at port http://127.0.01:3030
25.3.2025, 19:13:40 - INFO - Server ready at port http://127.0.01:3030
25.3.2025, 19:15:00 - INFO - Server ready at port http://127.0.01:3030
25.3.2025, 19:15:01 - INFO - Server ready at port http://127.0.01:3030
25.3.2025, 19:15:18 - INFO - Server ready at port http://127.0.01:3030
25.3.2025, 19:22:28 - INFO - Server ready at port http://127.0.01:3030
25.3.2025, 19:25:50 - INFO - Server ready at port http://127.0.01:3030
25.3.2025, 19:26:37 - INFO - Server ready at port http://127.0.01:3030
25.3.2025, 19:30:22 - INFO - Server ready at port http://127.0.01:3030
25.3.2025, 20:29:37 - INFO - Server ready at port http://127.0.01:3030
25.3.2025, 20:29:37 - INFO - Server ready at port http://127.0.01:3030
25.3.2025, 20:29:38 - INFO - Server ready at port http://127.0.01:3030
25.3.2025, 20:29:38 - INFO - Server ready at port http://127.0.01:3030
25.3.2025, 20:29:40 - INFO - Server ready at port http://127.0.01:3030
25.3.2025, 20:29:41 - INFO - Server ready at port http://127.0.01:3030
25.3.2025, 20:29:41 - INFO - Server ready at port http://127.0.01:3030
25.3.2025, 20:29:42 - INFO - Server ready at port http://127.0.01:3030
25.3.2025, 20:29:55 - INFO - Server ready at port http://127.0.01:3030
25.3.2025, 20:30:40 - INFO - Server ready at port http://127.0.01:3030
25.3.2025, 20:31:37 - INFO - Server ready at port http://127.0.01:3030
25.3.2025, 20:32:26 - INFO - Server ready at port http://127.0.01:3030
25.3.2025, 20:49:35 - INFO - Server ready at port http://127.0.01:3030
25.3.2025, 20:50:58 - INFO - Server ready at port http://127.0.01:3030
25.3.2025, 21:00:25 - INFO - Server ready at port http://127.0.01:3030
25.3.2025, 21:00:26 - INFO - Server ready at port http://127.0.01:3030
25.3.2025, 21:00:30 - INFO - Server ready at port http://127.0.01:3030
25.3.2025, 21:00:35 - INFO - Server ready at port http://127.0.01:3030
25.3.2025, 21:00:39 - INFO - Server ready at port http://127.0.01:3030
25.3.2025, 21:00:46 - INFO - Server ready at port http://127.0.01:3030
25.3.2025, 21:00:49 - INFO - Server ready at port http://127.0.01:3030
25.3.2025, 21:00:50 - INFO - Server ready at port http://127.0.01:3030
25.3.2025, 21:00:52 - INFO - Server ready at port http://127.0.01:3030
25.3.2025, 21:00:54 - INFO - Server ready at port http://127.0.01:3030
25.3.2025, 21:00:58 - INFO - Server ready at port http://127.0.01:3030
25.3.2025, 21:01:06 - INFO - Server ready at port http://127.0.01:3030
25.3.2025, 21:01:28 - INFO - Server ready at port http://127.0.01:3030
25.3.2025, 21:01:38 - INFO - Server ready at port http://127.0.01:3030
25.3.2025, 21:01:39 - INFO - Server ready at port http://127.0.01:3030
25.3.2025, 21:01:45 - INFO - Server ready at port http://127.0.01:3030
25.3.2025, 21:01:56 - INFO - Server ready at port http://127.0.01:3030
25.3.2025, 21:01:56 - INFO - Server ready at port http://127.0.01:3030
25.3.2025, 21:02:04 - INFO - Server ready at port http://127.0.01:3030
25.3.2025, 21:02:09 - INFO - Server ready at port http://127.0.01:3030
25.3.2025, 21:02:10 - INFO - Server ready at port http://127.0.01:3030
25.3.2025, 21:02:14 - INFO - Server ready at port http://127.0.01:3030
25.3.2025, 21:02:19 - INFO - Server ready at port http://127.0.01:3030
25.3.2025, 21:02:22 - INFO - Server ready at port http://127.0.01:3030
25.3.2025, 21:02:26 - INFO - Server ready at port http://127.0.01:3030
25.3.2025, 21:02:28 - INFO - Server ready at port http://127.0.01:3030
25.3.2025, 21:02:36 - INFO - Server ready at port http://127.0.01:3030
25.3.2025, 21:02:59 - INFO - Server ready at port http://127.0.01:3030
25.3.2025, 21:03:03 - INFO - Server ready at port http://127.0.01:3030
25.3.2025, 21:03:05 - INFO - Server ready at port http://127.0.01:3030
25.3.2025, 21:03:07 - INFO - Server ready at port http://127.0.01:3030
25.3.2025, 21:03:28 - INFO - Server ready at port http://127.0.01:3030
25.3.2025, 21:04:23 - INFO - Server ready at port http://127.0.01:3030
25.3.2025, 21:04:30 - INFO - Server ready at port http://127.0.01:3030
25.3.2025, 21:06:12 - INFO - Server ready at port http://127.0.01:3030
25.3.2025, 21:07:53 - INFO - Server ready at port http://127.0.01:3030
25.3.2025, 21:08:23 - INFO - Server ready at port http://127.0.01:3030
25.3.2025, 21:08:25 - INFO - Server ready at port http://127.0.01:3030
25.3.2025, 21:08:27 - INFO - Server ready at port http://127.0.01:3030
25.3.2025, 21:08:36 - INFO - Server ready at port http://127.0.01:3030
25.3.2025, 21:08:37 - INFO - Server ready at port http://127.0.01:3030
25.3.2025, 21:08:41 - INFO - Server ready at port http://127.0.01:3030
25.3.2025, 21:08:44 - INFO - Server ready at port http://127.0.01:3030
25.3.2025, 21:09:19 - INFO - Server ready at port http://127.0.01:3030
25.3.2025, 21:09:21 - INFO - Server ready at port http://127.0.01:3030
25.3.2025, 21:09:24 - INFO - Server ready at port http://127.0.01:3030
25.3.2025, 21:09:25 - INFO - Server ready at port http://127.0.01:3030
25.3.2025, 21:09:29 - INFO - Server ready at port http://127.0.01:3030
25.3.2025, 21:09:33 - INFO - Server ready at port http://127.0.01:3030
25.3.2025, 21:09:34 - INFO - Server ready at port http://127.0.01:3030
25.3.2025, 21:09:39 - INFO - Server ready at port http://127.0.01:3030
25.3.2025, 21:09:44 - INFO - Server ready at port http://127.0.01:3030
25.3.2025, 21:09:47 - INFO - Server ready at port http://127.0.01:3030
25.3.2025, 21:09:57 - INFO - Server ready at port http://127.0.01:3030
25.3.2025, 21:10:27 - INFO - Server ready at port http://127.0.01:3030
25.3.2025, 21:10:49 - INFO - Server ready at port http://127.0.01:3030
25.3.2025, 21:10:52 - INFO - Server ready at port http://127.0.01:3030
25.3.2025, 21:10:54 - INFO - Server ready at port http://127.0.01:3030
25.3.2025, 21:11:15 - INFO - Server ready at port http://127.0.01:3030
25.3.2025, 21:11:20 - INFO - Server ready at port http://127.0.01:3030
25.3.2025, 21:16:26 - INFO - Server ready at port http://127.0.01:3030
25.3.2025, 21:16:29 - INFO - Server ready at port http://127.0.01:3030
25.3.2025, 21:17:07 - INFO - Server ready at port http://127.0.01:3030
25.3.2025, 21:18:28 - INFO - Server ready at port http://127.0.01:3030
25.3.2025, 21:18:41 - INFO - Server ready at port http://127.0.01:3030
25.3.2025, 21:20:12 - INFO - Server ready at port http://127.0.01:3030
25.3.2025, 21:20:16 - INFO - Server ready at port http://127.0.01:3030
25.3.2025, 21:20:20 - INFO - Server ready at port http://127.0.01:3030
25.3.2025, 21:20:27 - INFO - Server ready at port http://127.0.01:3030
25.3.2025, 21:20:36 - INFO - Server ready at port http://127.0.01:3030
25.3.2025, 21:20:37 - INFO - Server ready at port http://127.0.01:3030
25.3.2025, 21:20:37 - INFO - Server ready at port http://127.0.01:3030
25.3.2025, 21:20:41 - INFO - Server ready at port http://127.0.01:3030
25.3.2025, 21:20:48 - INFO - Server ready at port http://127.0.01:3030
25.3.2025, 21:21:08 - INFO - Server ready at port http://127.0.01:3030
25.3.2025, 21:21:11 - INFO - Server ready at port http://127.0.01:3030
25.3.2025, 21:21:16 - INFO - Server ready at port http://127.0.01:3030
25.3.2025, 21:21:19 - INFO - Server ready at port http://127.0.01:3030
25.3.2025, 21:21:20 - INFO - Server ready at port http://127.0.01:3030
25.3.2025, 21:21:21 - INFO - Server ready at port http://127.0.01:3030
25.3.2025, 21:21:30 - INFO - Server ready at port http://127.0.01:3030
25.3.2025, 21:21:33 - INFO - Server ready at port http://127.0.01:3030
25.3.2025, 21:21:36 - INFO - Server ready at port http://127.0.01:3030
25.3.2025, 21:21:42 - INFO - Server ready at port http://127.0.01:3030
25.3.2025, 21:21:46 - INFO - Server ready at port http://127.0.01:3030
25.3.2025, 21:21:47 - INFO - Server ready at port http://127.0.01:3030
25.3.2025, 21:21:47 - INFO - Server ready at port http://127.0.01:3030
25.3.2025, 21:21:52 - INFO - Server ready at port http://127.0.01:3030
25.3.2025, 21:22:38 - INFO - Server ready at port http://127.0.01:3030
25.3.2025, 21:23:03 - INFO - Server ready at port http://127.0.01:3030
25.3.2025, 21:24:55 - INFO - Server ready at port http://127.0.01:3030
25.3.2025, 21:25:32 - INFO - Server ready at port http://127.0.01:3030
25.3.2025, 21:25:35 - INFO - Server ready at port http://127.0.01:3030
25.3.2025, 21:25:39 - INFO - Server ready at port http://127.0.01:3030
25.3.2025, 21:26:28 - INFO - Server ready at port http://127.0.01:3030
25.3.2025, 21:26:41 - INFO - Server ready at port http://127.0.01:3030
25.3.2025, 21:26:45 - INFO - Server ready at port http://127.0.01:3030
25.3.2025, 21:26:46 - INFO - Server ready at port http://127.0.01:3030
25.3.2025, 21:26:54 - INFO - Server ready at port http://127.0.01:3030
25.3.2025, 21:28:00 - INFO - Server ready at port http://127.0.01:3030
25.3.2025, 21:28:12 - INFO - Server ready at port http://127.0.01:3030
25.3.2025, 21:28:12 - INFO - Server ready at port http://127.0.01:3030
25.3.2025, 21:28:31 - INFO - Server ready at port http://127.0.01:3030
25.3.2025, 21:30:51 - INFO - Server ready at port http://127.0.01:3030
25.3.2025, 21:30:52 - INFO - Server ready at port http://127.0.01:3030
25.3.2025, 21:31:10 - INFO - Server ready at port http://127.0.01:3030
25.3.2025, 21:31:13 - INFO - Server ready at port http://127.0.01:3030
25.3.2025, 21:31:13 - INFO - Server ready at port http://127.0.01:3030
25.3.2025, 21:31:15 - INFO - Server ready at port http://127.0.01:3030
25.3.2025, 21:31:24 - INFO - Server ready at port http://127.0.01:3030
25.3.2025, 21:31:26 - INFO - Server ready at port http://127.0.01:3030
25.3.2025, 21:31:30 - INFO - Server ready at port http://127.0.01:3030
25.3.2025, 21:31:35 - INFO - Server ready at port http://127.0.01:3030
25.3.2025, 21:31:37 - INFO - Server ready at port http://127.0.01:3030
25.3.2025, 21:31:39 - INFO - Server ready at port http://127.0.01:3030
25.3.2025, 21:31:40 - INFO - Server ready at port http://127.0.01:3030
25.3.2025, 21:31:44 - INFO - Server ready at port http://127.0.01:3030
25.3.2025, 21:31:47 - INFO - Server ready at port http://127.0.01:3030
25.3.2025, 21:31:51 - INFO - Server ready at port http://127.0.01:3030
25.3.2025, 21:31:54 - INFO - Server ready at port http://127.0.01:3030
25.3.2025, 21:32:03 - INFO - Server ready at port http://127.0.01:3030
25.3.2025, 21:32:14 - INFO - Server ready at port http://127.0.01:3030
25.3.2025, 21:32:15 - INFO - Server ready at port http://127.0.01:3030
25.3.2025, 21:32:19 - INFO - Server ready at port http://127.0.01:3030
25.3.2025, 21:32:27 - INFO - Server ready at port http://127.0.01:3030
25.3.2025, 21:32:30 - INFO - Server ready at port http://127.0.01:3030
25.3.2025, 21:32:34 - INFO - Server ready at port http://127.0.01:3030
25.3.2025, 21:32:41 - INFO - Server ready at port http://127.0.01:3030
25.3.2025, 21:32:46 - INFO - Server ready at port http://127.0.01:3030
25.3.2025, 21:32:58 - INFO - Server ready at port http://127.0.01:3030
25.3.2025, 21:32:59 - INFO - Server ready at port http://127.0.01:3030
25.3.2025, 21:33:04 - INFO - Server ready at port http://127.0.01:3030
25.3.2025, 21:33:09 - INFO - Server ready at port http://127.0.01:3030
25.3.2025, 21:33:14 - INFO - Server ready at port http://127.0.01:3030
25.3.2025, 21:33:18 - INFO - Server ready at port http://127.0.01:3030
25.3.2025, 21:33:24 - INFO - Server ready at port http://127.0.01:3030
25.3.2025, 21:33:27 - INFO - Server ready at port http://127.0.01:3030
25.3.2025, 21:33:28 - INFO - Server ready at port http://127.0.01:3030
25.3.2025, 21:34:22 - INFO - Server ready at port http://127.0.01:3030
25.3.2025, 21:34:23 - INFO - Server ready at port http://127.0.01:3030
25.3.2025, 21:34:53 - INFO - Server ready at port http://127.0.01:3030
25.3.2025, 21:35:08 - INFO - Server ready at port http://127.0.01:3030
25.3.2025, 21:35:48 - INFO - Server ready at port http://127.0.01:3030
25.3.2025, 21:35:50 - INFO - Server ready at port http://127.0.01:3030
25.3.2025, 21:35:55 - INFO - Server ready at port http://127.0.01:3030
25.3.2025, 22:13:53 - INFO - Server ready at port http://127.0.01:3030
25.3.2025, 22:13:54 - INFO - Server ready at port http://127.0.01:3030
25.3.2025, 22:14:17 - INFO - Server ready at port http://127.0.01:3030
25.3.2025, 22:14:42 - INFO - Server ready at port http://127.0.01:3030
25.3.2025, 22:14:44 - INFO - Server ready at port http://127.0.01:3030
25.3.2025, 22:14:46 - INFO - Server ready at port http://127.0.01:3030
25.3.2025, 22:14:51 - INFO - Server ready at port http://127.0.01:3030
25.3.2025, 22:14:52 - INFO - Server ready at port http://127.0.01:3030
25.3.2025, 22:14:52 - INFO - Server ready at port http://127.0.01:3030
25.3.2025, 22:18:14 - INFO - Server ready at port http://127.0.01:3030
25.3.2025, 22:18:16 - INFO - Server ready at port http://127.0.01:3030
25.3.2025, 22:18:20 - INFO - Server ready at port http://127.0.01:3030
25.3.2025, 22:18:22 - INFO - Server ready at port http://127.0.01:3030
25.3.2025, 22:18:27 - INFO - Server ready at port http://127.0.01:3030
25.3.2025, 22:19:39 - INFO - Server ready at port http://127.0.01:3030
25.3.2025, 22:19:56 - INFO - Server ready at port http://127.0.01:3030
25.3.2025, 22:20:06 - INFO - Server ready at port http://127.0.01:3030
25.3.2025, 22:20:25 - INFO - Server ready at port http://127.0.01:3030
25.3.2025, 22:20:51 - INFO - Server ready at port http://127.0.01:3030
25.3.2025, 22:20:53 - INFO - Server ready at port http://127.0.01:3030
25.3.2025, 22:20:55 - INFO - Server ready at port http://127.0.01:3030
25.3.2025, 22:21:48 - INFO - Server ready at port http://127.0.01:3030
25.3.2025, 22:21:51 - INFO - Server ready at port http://127.0.01:3030
25.3.2025, 22:21:52 - INFO - Server ready at port http://127.0.01:3030
25.3.2025, 22:22:06 - INFO - Server ready at port http://127.0.01:3030
25.3.2025, 22:22:09 - INFO - Server ready at port http://127.0.01:3030
25.3.2025, 22:22:10 - INFO - Server ready at port http://127.0.01:3030
25.3.2025, 22:22:45 - INFO - Server ready at port http://127.0.01:3030
25.3.2025, 22:24:04 - INFO - Server ready at port http://127.0.01:3030
25.3.2025, 22:25:32 - INFO - Server ready at port http://127.0.01:3030
25.3.2025, 22:25:54 - INFO - Server ready at port http://127.0.01:3030
25.3.2025, 22:27:00 - INFO - Server ready at port http://127.0.01:3030
25.3.2025, 22:27:03 - INFO - Server ready at port http://127.0.01:3030
25.3.2025, 22:27:05 - INFO - Server ready at port http://127.0.01:3030
25.3.2025, 22:27:32 - INFO - Server ready at port http://127.0.01:3030
25.3.2025, 22:27:38 - INFO - Server ready at port http://127.0.01:3030
25.3.2025, 22:27:40 - INFO - Server ready at port http://127.0.01:3030
25.3.2025, 22:30:50 - INFO - Server ready at port http://127.0.01:3030
25.3.2025, 22:30:54 - INFO - Server ready at port http://127.0.01:3030
